c:\users\zeus\documents\github\missionevasion\missionevasion\release\vc143.pdb
c:\users\zeus\documents\github\missionevasion\missionevasion\release\winreg.obj
c:\users\zeus\documents\github\missionevasion\missionevasion\release\reghide.obj
c:\users\zeus\documents\github\missionevasion\missionevasion\release\pinjection.obj
c:\users\zeus\documents\github\missionevasion\missionevasion\release\missionevasion.obj
c:\users\zeus\documents\github\missionevasion\missionevasion\release\globals.obj
c:\users\zeus\documents\github\missionevasion\missionevasion\release\getinfo.obj
c:\users\zeus\documents\github\missionevasion\missionevasion\release\base64.obj
c:\users\zeus\documents\github\missionevasion\release\missionevasion.exe
c:\users\zeus\documents\github\missionevasion\release\missionevasion.pdb
c:\users\zeus\documents\github\missionevasion\missionevasion\release\missionevasion.ipdb
c:\users\zeus\documents\github\missionevasion\missionevasion\release\missionevasion.iobj
c:\users\zeus\documents\github\missionevasion\missionevasion\release\missionevasion.tlog\cl.command.1.tlog
c:\users\zeus\documents\github\missionevasion\missionevasion\release\missionevasion.tlog\cl.items.tlog
c:\users\zeus\documents\github\missionevasion\missionevasion\release\missionevasion.tlog\cl.read.1.tlog
c:\users\zeus\documents\github\missionevasion\missionevasion\release\missionevasion.tlog\cl.write.1.tlog
c:\users\zeus\documents\github\missionevasion\missionevasion\release\missionevasion.tlog\link.command.1.tlog
c:\users\zeus\documents\github\missionevasion\missionevasion\release\missionevasion.tlog\link.read.1.tlog
c:\users\zeus\documents\github\missionevasion\missionevasion\release\missionevasion.tlog\link.secondary.1.tlog
c:\users\zeus\documents\github\missionevasion\missionevasion\release\missionevasion.tlog\link.write.1.tlog
