c:\users\zeus\desktop\missionevasion\missionevasion\x64\debug\vc143.pdb
c:\users\zeus\desktop\missionevasion\missionevasion\x64\debug\vc143.idb
c:\users\zeus\desktop\missionevasion\missionevasion\x64\debug\winreg.obj
c:\users\zeus\desktop\missionevasion\missionevasion\x64\debug\reghide.obj
c:\users\zeus\desktop\missionevasion\missionevasion\x64\debug\readpe.obj
c:\users\zeus\desktop\missionevasion\missionevasion\x64\debug\pinjection.obj
c:\users\zeus\desktop\missionevasion\missionevasion\x64\debug\missionevasion.obj
c:\users\zeus\desktop\missionevasion\missionevasion\x64\debug\globals.obj
c:\users\zeus\desktop\missionevasion\missionevasion\x64\debug\getinfo.obj
c:\users\zeus\desktop\missionevasion\missionevasion\x64\debug\base64.obj
c:\users\zeus\desktop\missionevasion\x64\debug\missionevasion.pdb
c:\users\zeus\desktop\missionevasion\missionevasion\x64\debug\missionevasion.tlog\cl.command.1.tlog
c:\users\zeus\desktop\missionevasion\missionevasion\x64\debug\missionevasion.tlog\cl.read.1.tlog
c:\users\zeus\desktop\missionevasion\missionevasion\x64\debug\missionevasion.tlog\cl.write.1.tlog
c:\users\zeus\desktop\missionevasion\missionevasion\x64\debug\missionevasion.tlog\link-cvtres.read.1.tlog
c:\users\zeus\desktop\missionevasion\missionevasion\x64\debug\missionevasion.tlog\link-cvtres.write.1.tlog
c:\users\zeus\desktop\missionevasion\missionevasion\x64\debug\missionevasion.tlog\link-rc.read.1.tlog
c:\users\zeus\desktop\missionevasion\missionevasion\x64\debug\missionevasion.tlog\link-rc.write.1.tlog
c:\users\zeus\desktop\missionevasion\missionevasion\x64\debug\missionevasion.tlog\link.command.1.tlog
c:\users\zeus\desktop\missionevasion\missionevasion\x64\debug\missionevasion.tlog\link.read.1.tlog
c:\users\zeus\desktop\missionevasion\missionevasion\x64\debug\missionevasion.tlog\link.read.2.tlog
c:\users\zeus\desktop\missionevasion\missionevasion\x64\debug\missionevasion.tlog\link.write.1.tlog
